It was a lovely sight.
It was a lovely sight.
It was a lovely sight.
It was a lovely sight.
_NAME growled deep in his throat.
_NAME growled deep in his throat.
_NAME growled deep in his throat.
_NAME growled deep in his throat.
The advertising was in cuneiform.
The advertising was in cuneiform.
The advertising was in cuneiform.
The advertising was in cuneiform.
I've got as idea.
I've got as idea.
I've got as idea.
I've got as idea.
I can announce myself.
I can announce myself.
I can announce myself.
I can announce myself.
I'm jolly thirsty.
I'm jolly thirsty.
I'm jolly thirsty.
I'm jolly thirsty.
I felt his hand in my hair.
I felt his hand in my hair.
I felt his hand in my hair.
I felt his hand in my hair.
He had not made another attempt.
He had not made another attempt.
He had not made another attempt.
He had not made another attempt.
He cowered against the couch.
He cowered against the couch.
He cowered against the couch.
He cowered against the couch.
And he went to the telephone.
And he went to the telephone.
And he went to the telephone.
And he went to the telephone.
But where had it come from?
But where had it come from?
But where had it come from?
But where had it come from?
But he was disappointed nevertheless.
But he was disappointed nevertheless.
But he was disappointed nevertheless.
But he was disappointed nevertheless.
Althalus began to count silently.
Althalus began to count silently.
Althalus began to count silently.
Althalus began to count silently.
_NAME, you come with me.
_NAME, you come with me.
_NAME, you come with me.
_NAME, you come with me.
We got to get her out.
We got to get her out.
We got to get her out.
We got to get her out.
I said to the King.
I said to the King.
I said to the King.
I said to the King.
There were no stars at all.
There were no stars at all.
There were no stars at all.
There were no stars at all.
Do not forget it.
Do not forget it.
Do not forget it.
Do not forget it.
The expedition set off.
The expedition set off.
The expedition set off.
The expedition set off.
No signs of habitation.
No signs of habitation.
No signs of habitation.
No signs of habitation.
I have to go back to the island.
I have to go back to the island.
I have to go back to the island.
I have to go back to the island.
_NAME left feeling somewhat confused.
_NAME left feeling somewhat confused.
_NAME left feeling somewhat confused.
_NAME left feeling somewhat confused.
But _NAME had not.
But _NAME had not.
But _NAME had not.
But _NAME had not.
They looked up the hill.
They looked up the hill.
They looked up the hill.
They looked up the hill.
An ambulance was right behind them.
An ambulance was right behind them.
An ambulance was right behind them.
An ambulance was right behind them.
But they were too late.
But they were too late.
But they were too late.
But they were too late.
So invent, bitch.
So invent, bitch.
So invent, bitch.
So invent, bitch.
I've tried everything.
I've tried everything.
I've tried everything.
I've tried everything.
She turned her disapproval on _NAME.
She turned her disapproval on _NAME.
She turned her disapproval on _NAME.
She turned her disapproval on _NAME.
He seemed inattentive, _NAME _NAME.
He seemed inattentive, _NAME _NAME.
He seemed inattentive, _NAME _NAME.
He seemed inattentive, _NAME _NAME.
It was the underwriters!
It was the underwriters!
It was the underwriters!
It was the underwriters!
I'd love to help you then.
I'd love to help you then.
I'd love to help you then.
I'd love to help you then.
The tour of the house began.
The tour of the house began.
The tour of the house began.
The tour of the house began.
I was deeply moved.
I was deeply moved.
I was deeply moved.
I was deeply moved.
There was no one in the entrance hall.
There was no one in the entrance hall.
There was no one in the entrance hall.
There was no one in the entrance hall.
It does not really matter.
It does not really matter.
It does not really matter.
It does not really matter.
He hardly dared to move his hand.
He hardly dared to move his hand.
He hardly dared to move his hand.
He hardly dared to move his hand.
And I was shivering.
And I was shivering.
And I was shivering.
And I was shivering.
_NAME tried another tactic.
_NAME tried another tactic.
_NAME tried another tactic.
_NAME tried another tactic.
There was a swimming hole.
There was a swimming hole.
There was a swimming hole.
There was a swimming hole.
_NAME again knocked on the glass.
_NAME again knocked on the glass.
_NAME again knocked on the glass.
_NAME again knocked on the glass.
Not at _NAME _NAME.
Not at _NAME _NAME.
Not at _NAME _NAME.
Not at _NAME _NAME.
He moved with silence and aplomb.
He moved with silence and aplomb.
He moved with silence and aplomb.
He moved with silence and aplomb.
Again he stood silently watching the display.
Again he stood silently watching the display.
Again he stood silently watching the display.
Again he stood silently watching the display.
It's the oldest dodge in the world.
It's the oldest dodge in the world.
It's the oldest dodge in the world.
It's the oldest dodge in the world.
He gave _NAME a questioning glance.
He gave _NAME a questioning glance.
He gave _NAME a questioning glance.
He gave _NAME a questioning glance.
This was an execution.
This was an execution.
This was an execution.
This was an execution.
_NAME did not understand her concern.
_NAME did not understand her concern.
_NAME did not understand her concern.
_NAME did not understand her concern.
He snatched the permanent magnet from a pocket.
He snatched the permanent magnet from a pocket.
He snatched the permanent magnet from a pocket.
He snatched the permanent magnet from a pocket.
I'm surprised you don't.
I'm surprised you don't.
I'm surprised you don't.
I'm surprised you don't.
And it was swelling.
And it was swelling.
And it was swelling.
And it was swelling.
I took it up and glanced at it.
I took it up and glanced at it.
I took it up and glanced at it.
I took it up and glanced at it.
_NAME tossed his sword aside.
_NAME tossed his sword aside.
_NAME tossed his sword aside.
_NAME tossed his sword aside.
An uneventful morning had passed.
An uneventful morning had passed.
An uneventful morning had passed.
An uneventful morning had passed.
_NAME was interested in the well.
_NAME was interested in the well.
_NAME was interested in the well.
_NAME was interested in the well.
_NAME had been a criminal.
_NAME had been a criminal.
_NAME had been a criminal.
_NAME had been a criminal.
I took it to _NAME.
I took it to _NAME.
I took it to _NAME.
I took it to _NAME.
_NAME stamped her foot.
_NAME stamped her foot.
_NAME stamped her foot.
_NAME stamped her foot.
The general's good humour increased.
The general's good humour increased.
The general's good humour increased.
The general's good humour increased.
She is uneducated and completely insignificant.
She is uneducated and completely insignificant.
She is uneducated and completely insignificant.
She is uneducated and completely insignificant.
