Probably a _NAME one.
Probably a _NAME one.
Probably a _NAME one.
Probably a _NAME one.
His voice trailed away hopefully.
His voice trailed away hopefully.
His voice trailed away hopefully.
His voice trailed away hopefully.
The snow whirled outside.
The snow whirled outside.
The snow whirled outside.
The snow whirled outside.
And then, it smiled.
And then, it smiled.
And then, it smiled.
And then, it smiled.
She started to speak.
She started to speak.
She started to speak.
She started to speak.
There could be no machine.
There could be no machine.
There could be no machine.
There could be no machine.
The lady of _NAME sighed.
The lady of _NAME sighed.
The lady of _NAME sighed.
The lady of _NAME sighed.
It is easy to write about him.
It is easy to write about him.
It is easy to write about him.
It is easy to write about him.
I do not wish to sit in the back.
I do not wish to sit in the back.
I do not wish to sit in the back.
I do not wish to sit in the back.
Patience, he counseled.
Patience, he counseled.
Patience, he counseled.
Patience, he counseled.
She laid down her fork and stared at him.
She laid down her fork and stared at him.
She laid down her fork and stared at him.
She laid down her fork and stared at him.
He returned to _NAME _NAME _NAME _NAME crash.
He returned to _NAME _NAME _NAME _NAME crash.
He returned to _NAME _NAME _NAME _NAME crash.
He returned to _NAME _NAME _NAME _NAME crash.
A heavy, brooding silence hung above the land.
A heavy, brooding silence hung above the land.
A heavy, brooding silence hung above the land.
A heavy, brooding silence hung above the land.
_NAME _NAME was no prison.
_NAME _NAME was no prison.
_NAME _NAME was no prison.
_NAME _NAME was no prison.
None of us would.
None of us would.
None of us would.
None of us would.
I know you all.
I know you all.
I know you all.
I know you all.
We'll want to move very quietly.
We'll want to move very quietly.
We'll want to move very quietly.
We'll want to move very quietly.
First, your age.
First, your age.
First, your age.
First, your age.
What a piece of work.
What a piece of work.
What a piece of work.
What a piece of work.
I called to him cheerfully.
I called to him cheerfully.
I called to him cheerfully.
I called to him cheerfully.
He would find some other way.
He would find some other way.
He would find some other way.
He would find some other way.
A cathedral will be built on this site.
A cathedral will be built on this site.
A cathedral will be built on this site.
A cathedral will be built on this site.
It had a kind of carnival atmosphere to it.
It had a kind of carnival atmosphere to it.
It had a kind of carnival atmosphere to it.
It had a kind of carnival atmosphere to it.
Wind keened over the wings.
Wind keened over the wings.
Wind keened over the wings.
Wind keened over the wings.
Carthoris looked toward _NAME.
Carthoris looked toward _NAME.
Carthoris looked toward _NAME.
Carthoris looked toward _NAME.
What of the dawn?
What of the dawn?
What of the dawn?
What of the dawn?
He recovered immediately and glared at me.
He recovered immediately and glared at me.
He recovered immediately and glared at me.
He recovered immediately and glared at me.
I grabbed his ann.
I grabbed his ann.
I grabbed his ann.
I grabbed his ann.
I'll give you _NAME _NAME.
I'll give you _NAME _NAME.
I'll give you _NAME _NAME.
I'll give you _NAME _NAME.
He needs a role model.
He needs a role model.
He needs a role model.
He needs a role model.
_NAME's horse screamed.
_NAME's horse screamed.
_NAME's horse screamed.
_NAME's horse screamed.
Then I sought the sharpened spoon.
Then I sought the sharpened spoon.
Then I sought the sharpened spoon.
Then I sought the sharpened spoon.
The _NAME boys ran down the hill.
The _NAME boys ran down the hill.
The _NAME boys ran down the hill.
The _NAME boys ran down the hill.
Already the sound was deafening.
Already the sound was deafening.
Already the sound was deafening.
Already the sound was deafening.
But he didn't kill me.
But he didn't kill me.
But he didn't kill me.
But he didn't kill me.
_NAME _NAME peered into the darkness.
_NAME _NAME peered into the darkness.
_NAME _NAME peered into the darkness.
_NAME _NAME peered into the darkness.
The picture of tranquility.
The picture of tranquility.
The picture of tranquility.
The picture of tranquility.
_NAME rounded on him.
_NAME rounded on him.
_NAME rounded on him.
_NAME rounded on him.
Hereyou drink the stuff.
Hereyou drink the stuff.
Hereyou drink the stuff.
Hereyou drink the stuff.
In _NAME _NAME _NAME?
In _NAME _NAME _NAME?
In _NAME _NAME _NAME?
In _NAME _NAME _NAME?
There was a tricky word.
There was a tricky word.
There was a tricky word.
There was a tricky word.
He looked in the luggage space.
He looked in the luggage space.
He looked in the luggage space.
He looked in the luggage space.
She had nothing like it.
She had nothing like it.
She had nothing like it.
She had nothing like it.
He raised his flagon in salute.
He raised his flagon in salute.
He raised his flagon in salute.
He raised his flagon in salute.
It had not involved mortals.
It had not involved mortals.
It had not involved mortals.
It had not involved mortals.
Then he resumed his seat on the tree stump.
Then he resumed his seat on the tree stump.
Then he resumed his seat on the tree stump.
Then he resumed his seat on the tree stump.
So I done it.
So I done it.
So I done it.
So I done it.
She felt homely and unloved.
She felt homely and unloved.
She felt homely and unloved.
She felt homely and unloved.
_NAME shrugged, genuinely missing the point.
_NAME shrugged, genuinely missing the point.
_NAME shrugged, genuinely missing the point.
_NAME shrugged, genuinely missing the point.
It hurt, gloriously.
It hurt, gloriously.
It hurt, gloriously.
It hurt, gloriously.
These are tract homes.
These are tract homes.
These are tract homes.
These are tract homes.
So I leaned back and waited.
So I leaned back and waited.
So I leaned back and waited.
So I leaned back and waited.
The dance number ended.
The dance number ended.
The dance number ended.
The dance number ended.
The phone rang and rang.
The phone rang and rang.
The phone rang and rang.
The phone rang and rang.
He had returned twice to _NAME.
He had returned twice to _NAME.
He had returned twice to _NAME.
He had returned twice to _NAME.
The girl surveyed the sky again.
The girl surveyed the sky again.
The girl surveyed the sky again.
The girl surveyed the sky again.
The man came nearer.
The man came nearer.
The man came nearer.
The man came nearer.
Then he ruined it.
Then he ruined it.
Then he ruined it.
Then he ruined it.
_NAME did some figuring.
_NAME did some figuring.
_NAME did some figuring.
_NAME did some figuring.
He did not stop to reason.
He did not stop to reason.
He did not stop to reason.
He did not stop to reason.
_NAME sat staring at _NAME.
_NAME sat staring at _NAME.
_NAME sat staring at _NAME.
_NAME sat staring at _NAME.
And so was its master.
And so was its master.
And so was its master.
And so was its master.
It's her brother _NAME.
It's her brother _NAME.
It's her brother _NAME.
It's her brother _NAME.
Their ploy was all too obvious.
Their ploy was all too obvious.
Their ploy was all too obvious.
Their ploy was all too obvious.
He said that with a degree of resignation.
He said that with a degree of resignation.
He said that with a degree of resignation.
He said that with a degree of resignation.
I am not sure, sefiora.
I am not sure, sefiora.
I am not sure, sefiora.
I am not sure, sefiora.
All men are afraid.
All men are afraid.
All men are afraid.
All men are afraid.
Kahlan angrily pointed back at the corpse.
Kahlan angrily pointed back at the corpse.
Kahlan angrily pointed back at the corpse.
Kahlan angrily pointed back at the corpse.
The little man smiled.
The little man smiled.
The little man smiled.
The little man smiled.
Could I be that powerful?
Could I be that powerful?
Could I be that powerful?
Could I be that powerful?
The creature did not rise again.
The creature did not rise again.
The creature did not rise again.
The creature did not rise again.
Here, _NAME murmured.
Here, _NAME murmured.
Here, _NAME murmured.
Here, _NAME murmured.
He could hardly blame her.
He could hardly blame her.
He could hardly blame her.
He could hardly blame her.
_NAME came trotting back.
_NAME came trotting back.
_NAME came trotting back.
_NAME came trotting back.
The emotional suffering defied description.
The emotional suffering defied description.
The emotional suffering defied description.
The emotional suffering defied description.
_NAME cleared his voice.
_NAME cleared his voice.
_NAME cleared his voice.
_NAME cleared his voice.
_NAME found the idea quite breathtaking.
_NAME found the idea quite breathtaking.
_NAME found the idea quite breathtaking.
_NAME found the idea quite breathtaking.
There were hot spots in the jungle.
There were hot spots in the jungle.
There were hot spots in the jungle.
There were hot spots in the jungle.
Ailhuin laughed until she wheezed.
Ailhuin laughed until she wheezed.
Ailhuin laughed until she wheezed.
Ailhuin laughed until she wheezed.
I felt better after lunch.
I felt better after lunch.
I felt better after lunch.
I felt better after lunch.
A damn vicious _NAME.
A damn vicious _NAME.
A damn vicious _NAME.
A damn vicious _NAME.
Think about _NAME instead.
Think about _NAME instead.
Think about _NAME instead.
Think about _NAME instead.
That game's up.
That game's up.
That game's up.
That game's up.
_NAME held up a pudgy hand.
_NAME held up a pudgy hand.
_NAME held up a pudgy hand.
_NAME held up a pudgy hand.
_NAME eased out the door with relief and delight.
_NAME eased out the door with relief and delight.
_NAME eased out the door with relief and delight.
_NAME eased out the door with relief and delight.
The crawl archive for _NAME _NAME is now available!
The crawl archive for _NAME _NAME is now available!
The crawl archive for _NAME _NAME is now available!
The crawl archive for _NAME _NAME is now available!
I watched the shadows on the ceiling.
I watched the shadows on the ceiling.
I watched the shadows on the ceiling.
I watched the shadows on the ceiling.
_NAME looked at his wristwatch.
_NAME looked at his wristwatch.
_NAME looked at his wristwatch.
_NAME looked at his wristwatch.
_NAME was ready for a fight.
_NAME was ready for a fight.
_NAME was ready for a fight.
_NAME was ready for a fight.
This information is not traceable to individual users.
This information is not traceable to individual users.
This information is not traceable to individual users.
This information is not traceable to individual users.
The peace of this place was almost tangible.
The peace of this place was almost tangible.
The peace of this place was almost tangible.
The peace of this place was almost tangible.
She was unfit to be a mother.
She was unfit to be a mother.
She was unfit to be a mother.
She was unfit to be a mother.
We will not be harmed.
We will not be harmed.
We will not be harmed.
We will not be harmed.
The bodies cannot be far away.
The bodies cannot be far away.
The bodies cannot be far away.
The bodies cannot be far away.
I've heard her music.
I've heard her music.
I've heard her music.
I've heard her music.
It was a discussion of the wedding at _NAME.
It was a discussion of the wedding at _NAME.
It was a discussion of the wedding at _NAME.
It was a discussion of the wedding at _NAME.
Perhaps that is the universal law.
Perhaps that is the universal law.
Perhaps that is the universal law.
Perhaps that is the universal law.
The facts were simple and implacable.
The facts were simple and implacable.
The facts were simple and implacable.
The facts were simple and implacable.
She never shirked her watch.
She never shirked her watch.
She never shirked her watch.
She never shirked her watch.
I tried to sound depressed.
I tried to sound depressed.
I tried to sound depressed.
I tried to sound depressed.
The crowd went silent.
The crowd went silent.
The crowd went silent.
The crowd went silent.
This way lies bankruptcy.
This way lies bankruptcy.
This way lies bankruptcy.
This way lies bankruptcy.
Nothing gets by you.
Nothing gets by you.
Nothing gets by you.
Nothing gets by you.
I continued my work.
I continued my work.
I continued my work.
I continued my work.
She stopped in the foyer.
She stopped in the foyer.
She stopped in the foyer.
She stopped in the foyer.
The girl seemed not to hear.
The girl seemed not to hear.
The girl seemed not to hear.
The girl seemed not to hear.
She described her meeting with _NAME.
She described her meeting with _NAME.
She described her meeting with _NAME.
She described her meeting with _NAME.
Can we see you?
Can we see you?
Can we see you?
Can we see you?
Everyone was afraid of them.
Everyone was afraid of them.
Everyone was afraid of them.
Everyone was afraid of them.
It bothered him that he did.
It bothered him that he did.
It bothered him that he did.
It bothered him that he did.
He laughed, but it sounded forced.
He laughed, but it sounded forced.
He laughed, but it sounded forced.
He laughed, but it sounded forced.
We are stabilizing him.
We are stabilizing him.
We are stabilizing him.
We are stabilizing him.
I looked at the title page.
I looked at the title page.
I looked at the title page.
I looked at the title page.
They had to wait for a reply.
They had to wait for a reply.
They had to wait for a reply.
They had to wait for a reply.
Th sky blazed around him.
Th sky blazed around him.
Th sky blazed around him.
Th sky blazed around him.
He was too tired to argue further.
He was too tired to argue further.
He was too tired to argue further.
He was too tired to argue further.
Ambassador _NAME looked devastated by the possibility.
Ambassador _NAME looked devastated by the possibility.
Ambassador _NAME looked devastated by the possibility.
Ambassador _NAME looked devastated by the possibility.
What caused the fire?
What caused the fire?
What caused the fire?
What caused the fire?
And he had no way to help her.
And he had no way to help her.
And he had no way to help her.
And he had no way to help her.
He reached for the shotgun.
He reached for the shotgun.
He reached for the shotgun.
He reached for the shotgun.
The pain had eased to an ugly throbbing.
The pain had eased to an ugly throbbing.
The pain had eased to an ugly throbbing.
The pain had eased to an ugly throbbing.
She wished she could see his face.
She wished she could see his face.
She wished she could see his face.
She wished she could see his face.
You want a good appraisal by a reputable appraiser.
You want a good appraisal by a reputable appraiser.
You want a good appraisal by a reputable appraiser.
You want a good appraisal by a reputable appraiser.
But the image eluded him.
But the image eluded him.
But the image eluded him.
But the image eluded him.
He set the beer bottles on the table.
He set the beer bottles on the table.
He set the beer bottles on the table.
He set the beer bottles on the table.
She walked beside him, silently ungrateful.
She walked beside him, silently ungrateful.
She walked beside him, silently ungrateful.
She walked beside him, silently ungrateful.
People could be killed.
People could be killed.
People could be killed.
People could be killed.
He should flee _NAME, he knew.
He should flee _NAME, he knew.
He should flee _NAME, he knew.
He should flee _NAME, he knew.
_NAME had betrayed them.
_NAME had betrayed them.
_NAME had betrayed them.
_NAME had betrayed them.
Not this dog, _NAME said.
Not this dog, _NAME said.
Not this dog, _NAME said.
Not this dog, _NAME said.
The company was overmatched.
The company was overmatched.
The company was overmatched.
The company was overmatched.
_NAME talked for a while about _NAME.
_NAME talked for a while about _NAME.
_NAME talked for a while about _NAME.
_NAME talked for a while about _NAME.
D'Arnot closed the cabin door.
D'Arnot closed the cabin door.
D'Arnot closed the cabin door.
D'Arnot closed the cabin door.
_NAME did not know how to answer.
_NAME did not know how to answer.
_NAME did not know how to answer.
_NAME did not know how to answer.
She did not bother to cover herself.
She did not bother to cover herself.
She did not bother to cover herself.
She did not bother to cover herself.
He was suddenly uneasy.
He was suddenly uneasy.
He was suddenly uneasy.
He was suddenly uneasy.
I wanted to destroy the _NAME ship.
I wanted to destroy the _NAME ship.
I wanted to destroy the _NAME ship.
I wanted to destroy the _NAME ship.
I should say so.
I should say so.
I should say so.
I should say so.
Wail drew in a sobbing breath.
Wail drew in a sobbing breath.
Wail drew in a sobbing breath.
Wail drew in a sobbing breath.
I stared at the man dumbly.
I stared at the man dumbly.
I stared at the man dumbly.
I stared at the man dumbly.
He lowered his head.
He lowered his head.
He lowered his head.
He lowered his head.
The door buzzer rang.
The door buzzer rang.
The door buzzer rang.
The door buzzer rang.
Shimone tapped _NAME upon the shoulder.
Shimone tapped _NAME upon the shoulder.
Shimone tapped _NAME upon the shoulder.
Shimone tapped _NAME upon the shoulder.
That was their world.
That was their world.
That was their world.
That was their world.
It serves no purpose.
It serves no purpose.
It serves no purpose.
It serves no purpose.
He sensed my feeling and spoke brusquely.
He sensed my feeling and spoke brusquely.
He sensed my feeling and spoke brusquely.
He sensed my feeling and spoke brusquely.
He glanced to the other members of the team.
He glanced to the other members of the team.
He glanced to the other members of the team.
He glanced to the other members of the team.
_NAME had stopped screaming.
_NAME had stopped screaming.
_NAME had stopped screaming.
_NAME had stopped screaming.
So close to death.
So close to death.
So close to death.
So close to death.
_NAME shrugged and spread his palms.
_NAME shrugged and spread his palms.
_NAME shrugged and spread his palms.
_NAME shrugged and spread his palms.
I want the dying to end.
I want the dying to end.
I want the dying to end.
I want the dying to end.
He helped her descend.
He helped her descend.
He helped her descend.
He helped her descend.
What were you thinking about?
What were you thinking about?
What were you thinking about?
What were you thinking about?
She shook his hand.
She shook his hand.
She shook his hand.
She shook his hand.
Not to mention attractive.
Not to mention attractive.
Not to mention attractive.
Not to mention attractive.
According to its value.
According to its value.
According to its value.
According to its value.
Haplo thrust the book into his belt.
Haplo thrust the book into his belt.
Haplo thrust the book into his belt.
Haplo thrust the book into his belt.
Aly grinned at him.
Aly grinned at him.
Aly grinned at him.
Aly grinned at him.
The _NAME cloudburst had just ended.
The _NAME cloudburst had just ended.
The _NAME cloudburst had just ended.
The _NAME cloudburst had just ended.
She loved him, she thought.
She loved him, she thought.
She loved him, she thought.
She loved him, she thought.
Way they treated us.
Way they treated us.
Way they treated us.
Way they treated us.
Then the kender cheered up.
Then the kender cheered up.
Then the kender cheered up.
Then the kender cheered up.
I dived into it.
I dived into it.
I dived into it.
I dived into it.
He wanted to tear them apart.
He wanted to tear them apart.
He wanted to tear them apart.
He wanted to tear them apart.
Kirk rose lithely and went to the door.
Kirk rose lithely and went to the door.
Kirk rose lithely and went to the door.
Kirk rose lithely and went to the door.
Hunter pressed, ignoring the compliment.
Hunter pressed, ignoring the compliment.
Hunter pressed, ignoring the compliment.
Hunter pressed, ignoring the compliment.
It was still far outside the maelstrom.
It was still far outside the maelstrom.
It was still far outside the maelstrom.
It was still far outside the maelstrom.
But _NAME did not answer his gaze.
But _NAME did not answer his gaze.
But _NAME did not answer his gaze.
But _NAME did not answer his gaze.
Weve been stupidly lax.
Weve been stupidly lax.
Weve been stupidly lax.
Weve been stupidly lax.
That required special care.
That required special care.
That required special care.
That required special care.
I bit back and curbed my anger.
I bit back and curbed my anger.
I bit back and curbed my anger.
I bit back and curbed my anger.
_NAME jumped a bit at that.
_NAME jumped a bit at that.
_NAME jumped a bit at that.
_NAME jumped a bit at that.
The government collects huge taxes.
The government collects huge taxes.
The government collects huge taxes.
The government collects huge taxes.
Then she raised her wand.
Then she raised her wand.
Then she raised her wand.
Then she raised her wand.
About midmorning, I'd say.
About midmorning, I'd say.
About midmorning, I'd say.
About midmorning, I'd say.
_NAME rubbed the back of his neck.
_NAME rubbed the back of his neck.
_NAME rubbed the back of his neck.
_NAME rubbed the back of his neck.
She looked him over and grinned.
She looked him over and grinned.
She looked him over and grinned.
She looked him over and grinned.
They writhed in a mechanical frenzy.
They writhed in a mechanical frenzy.
They writhed in a mechanical frenzy.
They writhed in a mechanical frenzy.
His eyes burned with a weird flame.
His eyes burned with a weird flame.
His eyes burned with a weird flame.
His eyes burned with a weird flame.
Carus shouted inside the leather tent.
Carus shouted inside the leather tent.
Carus shouted inside the leather tent.
Carus shouted inside the leather tent.
Crystal came to the door.
Crystal came to the door.
Crystal came to the door.
Crystal came to the door.
They were all running.
They were all running.
They were all running.
They were all running.
He was dreaming intently.
He was dreaming intently.
He was dreaming intently.
He was dreaming intently.
And now what would they do?
And now what would they do?
And now what would they do?
And now what would they do?
We will go to _NAME.
We will go to _NAME.
We will go to _NAME.
We will go to _NAME.
I've seen the banner now.
I've seen the banner now.
I've seen the banner now.
I've seen the banner now.
Then she turned her attention to _NAME.
Then she turned her attention to _NAME.
Then she turned her attention to _NAME.
Then she turned her attention to _NAME.
That wouldnt be true.
That wouldnt be true.
That wouldnt be true.
That wouldnt be true.
Got me to the podium.
Got me to the podium.
Got me to the podium.
Got me to the podium.
He strained every muscle at once.
He strained every muscle at once.
He strained every muscle at once.
He strained every muscle at once.
I had a horrid encounter with him.
I had a horrid encounter with him.
I had a horrid encounter with him.
I had a horrid encounter with him.
A girl cried out.
A girl cried out.
A girl cried out.
A girl cried out.
What's your relation to him?
What's your relation to him?
What's your relation to him?
What's your relation to him?
_NAME reached for the bowl.
_NAME reached for the bowl.
_NAME reached for the bowl.
_NAME reached for the bowl.
_NAME stared over the restless sea in dismay.
_NAME stared over the restless sea in dismay.
_NAME stared over the restless sea in dismay.
_NAME stared over the restless sea in dismay.
Somewhere a door shut.
Somewhere a door shut.
Somewhere a door shut.
Somewhere a door shut.
He taped it up on a cabinet door.
He taped it up on a cabinet door.
He taped it up on a cabinet door.
He taped it up on a cabinet door.
Another elopement was attempted.
Another elopement was attempted.
Another elopement was attempted.
Another elopement was attempted.
You're a mountain dwarf.
You're a mountain dwarf.
You're a mountain dwarf.
You're a mountain dwarf.
_NAME replied, his voice brittle.
_NAME replied, his voice brittle.
_NAME replied, his voice brittle.
_NAME replied, his voice brittle.
You are here to learn.
You are here to learn.
You are here to learn.
You are here to learn.
What kind of a lesson?
What kind of a lesson?
What kind of a lesson?
What kind of a lesson?
_NAME _NAME declares war.
_NAME _NAME declares war.
_NAME _NAME declares war.
_NAME _NAME declares war.
So apparently he wasn't dead.
So apparently he wasn't dead.
So apparently he wasn't dead.
So apparently he wasn't dead.
She had no way to know.
She had no way to know.
She had no way to know.
She had no way to know.
Her hand remained extended, unwavering.
Her hand remained extended, unwavering.
Her hand remained extended, unwavering.
Her hand remained extended, unwavering.
The creature stopped rockstill.
The creature stopped rockstill.
The creature stopped rockstill.
The creature stopped rockstill.
Xris pointed at the fence.
Xris pointed at the fence.
Xris pointed at the fence.
Xris pointed at the fence.
She wondered what the time was.
She wondered what the time was.
She wondered what the time was.
She wondered what the time was.
I'm as good as any boy.
I'm as good as any boy.
I'm as good as any boy.
I'm as good as any boy.
Your talents are needed regardless.
Your talents are needed regardless.
Your talents are needed regardless.
Your talents are needed regardless.
She confronted _NAME _NAME.
She confronted _NAME _NAME.
She confronted _NAME _NAME.
She confronted _NAME _NAME.
We've been friends.
We've been friends.
We've been friends.
We've been friends.
Then we had dinner.
Then we had dinner.
Then we had dinner.
Then we had dinner.
You are a ruffian and a fool.
You are a ruffian and a fool.
You are a ruffian and a fool.
You are a ruffian and a fool.
She made an effort of will.
She made an effort of will.
She made an effort of will.
She made an effort of will.
You should have stayed a spaceman.
You should have stayed a spaceman.
You should have stayed a spaceman.
You should have stayed a spaceman.
I've been there many times.
I've been there many times.
I've been there many times.
I've been there many times.
_NAME proved no exception.
_NAME proved no exception.
_NAME proved no exception.
_NAME proved no exception.
That's the magic.
That's the magic.
That's the magic.
That's the magic.
Ce'Nedra stared at it with revulsion.
Ce'Nedra stared at it with revulsion.
Ce'Nedra stared at it with revulsion.
Ce'Nedra stared at it with revulsion.
His contained voice was touched with awe.
His contained voice was touched with awe.
His contained voice was touched with awe.
His contained voice was touched with awe.
It's a nice touch.
It's a nice touch.
It's a nice touch.
It's a nice touch.
_NAME was suddenly paralyzed.
_NAME was suddenly paralyzed.
_NAME was suddenly paralyzed.
_NAME was suddenly paralyzed.
Hed be happy then.
Hed be happy then.
Hed be happy then.
Hed be happy then.
That's an order!
That's an order!
That's an order!
That's an order!
_NAME soldiers came along the elevated sidewalk.
_NAME soldiers came along the elevated sidewalk.
_NAME soldiers came along the elevated sidewalk.
_NAME soldiers came along the elevated sidewalk.
_NAME _NAME chided the humanoid gently.
_NAME _NAME chided the humanoid gently.
_NAME _NAME chided the humanoid gently.
_NAME _NAME chided the humanoid gently.
You can only hold it.
You can only hold it.
You can only hold it.
You can only hold it.
He crossed the intersection.
He crossed the intersection.
He crossed the intersection.
He crossed the intersection.
The information was not there.
The information was not there.
The information was not there.
The information was not there.
She smiled at his sigh of relief.
She smiled at his sigh of relief.
She smiled at his sigh of relief.
She smiled at his sigh of relief.
You'd love it in _NAME.
You'd love it in _NAME.
You'd love it in _NAME.
You'd love it in _NAME.
This one to change decks.
This one to change decks.
This one to change decks.
This one to change decks.
The humans raced after me at full speed.
The humans raced after me at full speed.
The humans raced after me at full speed.
The humans raced after me at full speed.
He had never enough.
He had never enough.
He had never enough.
He had never enough.
And then they were back.
And then they were back.
And then they were back.
And then they were back.
Into the chill of _NAME.
Into the chill of _NAME.
Into the chill of _NAME.
Into the chill of _NAME.
Where's _NAME _NAME?
Where's _NAME _NAME?
Where's _NAME _NAME?
Where's _NAME _NAME?
_NAME was the real problem.
_NAME was the real problem.
_NAME was the real problem.
_NAME was the real problem.
